[2023-11-03 04:11:46,650: INFO: common: yaml file: config\config.yaml loaded successfully]
[2023-11-03 04:11:46,657: INFO: common: yaml file: params.yaml loaded successfully]
[2023-11-03 04:11:46,662: INFO: common: yaml file: schema.yaml loaded successfully]
[2023-11-03 04:11:46,662: INFO: common: created directory at: artifacts]
[2023-11-03 04:11:46,666: INFO: common: created directory at: artifacts/data_ingestion]
[2023-11-03 04:13:12,370: INFO: common: yaml file: config\config.yaml loaded successfully]
[2023-11-03 04:13:12,375: INFO: common: yaml file: params.yaml loaded successfully]
[2023-11-03 04:13:12,387: INFO: common: yaml file: schema.yaml loaded successfully]
[2023-11-03 04:13:12,415: INFO: common: created directory at: artifacts]
[2023-11-03 04:13:12,417: INFO: common: created directory at: artifacts/data_ingestion]
[2023-11-03 04:13:14,090: INFO: 456061477: artifacts/data_ingestion/data.zip download! with following info: 
Connection: close
Content-Length: 8936
Cache-Control: max-age=300
Content-Security-Policy: default-src 'none'; style-src 'unsafe-inline'; sandbox
Content-Type: application/zip
ETag: "24eabc2b76d65677b76bf6d429485d8ef4fe82f4e6b9ebff3127a1bcad75a856"
Strict-Transport-Security: max-age=31536000
X-Content-Type-Options: nosniff
X-Frame-Options: deny
X-XSS-Protection: 1; mode=block
X-GitHub-Request-Id: 148C:5A1E:2F945:3A120:6544D5C5
Accept-Ranges: bytes
Date: Fri, 03 Nov 2023 11:13:09 GMT
Via: 1.1 varnish
X-Served-By: cache-mrs10538-MRS
X-Cache: MISS
X-Cache-Hits: 0
X-Timer: S1699009989.443713,VS0,VE217
Vary: Authorization,Accept-Encoding,Origin
Access-Control-Allow-Origin: *
Cross-Origin-Resource-Policy: cross-origin
X-Fastly-Request-ID: b5904843589369136de2dfc0e0eadb6f729003f4
Expires: Fri, 03 Nov 2023 11:18:09 GMT
Source-Age: 0

]
[2023-11-03 04:31:37,508: INFO: common: yaml file: config\config.yaml loaded successfully]
[2023-11-03 04:31:37,509: INFO: common: yaml file: params.yaml loaded successfully]
[2023-11-03 04:31:37,522: INFO: common: yaml file: schema.yaml loaded successfully]
[2023-11-03 04:31:37,524: INFO: common: created directory at: artifacts]
[2023-11-03 04:31:37,525: INFO: common: created directory at: artifacts/data_validation]
[2023-11-03 04:36:11,990: INFO: common: yaml file: config\config.yaml loaded successfully]
[2023-11-03 04:36:11,993: INFO: common: yaml file: params.yaml loaded successfully]
[2023-11-03 04:36:11,997: INFO: common: yaml file: schema.yaml loaded successfully]
[2023-11-03 04:36:12,000: INFO: common: created directory at: artifacts]
[2023-11-03 04:36:12,002: INFO: common: created directory at: artifacts/data_validation]
[2023-11-03 04:40:09,654: INFO: common: yaml file: config\config.yaml loaded successfully]
[2023-11-03 04:40:09,657: INFO: common: yaml file: params.yaml loaded successfully]
[2023-11-03 04:40:09,661: INFO: common: yaml file: schema.yaml loaded successfully]
[2023-11-03 04:40:09,662: INFO: common: created directory at: artifacts]
[2023-11-03 04:40:09,665: INFO: common: created directory at: artifacts/data_validation]
[2023-11-03 04:59:07,132: INFO: common: yaml file: config\config.yaml loaded successfully]
[2023-11-03 04:59:07,135: INFO: common: yaml file: params.yaml loaded successfully]
[2023-11-03 04:59:07,141: INFO: common: yaml file: schema.yaml loaded successfully]
[2023-11-03 04:59:07,144: INFO: common: created directory at: artifacts]
[2023-11-03 04:59:07,148: INFO: common: created directory at: artifacts/data_validation]
[2023-11-03 05:08:50,865: INFO: common: yaml file: config\config.yaml loaded successfully]
[2023-11-03 05:08:50,868: INFO: common: yaml file: params.yaml loaded successfully]
[2023-11-03 05:08:50,871: INFO: common: yaml file: schema.yaml loaded successfully]
[2023-11-03 05:08:50,874: INFO: common: created directory at: artifacts]
[2023-11-03 05:08:50,956: INFO: common: created directory at: artifacts/data_transformation]
[2023-11-03 05:10:57,964: INFO: common: yaml file: config\config.yaml loaded successfully]
[2023-11-03 05:10:57,966: INFO: common: yaml file: params.yaml loaded successfully]
[2023-11-03 05:10:57,969: INFO: common: yaml file: schema.yaml loaded successfully]
[2023-11-03 05:10:57,975: INFO: common: created directory at: artifacts]
[2023-11-03 05:10:57,977: INFO: common: created directory at: artifacts/data_transformation]
[2023-11-03 05:13:20,650: INFO: common: yaml file: config\config.yaml loaded successfully]
[2023-11-03 05:13:20,654: INFO: common: yaml file: params.yaml loaded successfully]
[2023-11-03 05:13:20,661: INFO: common: yaml file: schema.yaml loaded successfully]
[2023-11-03 05:13:20,664: INFO: common: created directory at: artifacts]
[2023-11-03 05:13:20,667: INFO: common: created directory at: artifacts/data_transformation]
[2023-11-03 05:24:22,314: INFO: common: yaml file: config\config.yaml loaded successfully]
[2023-11-03 05:24:22,317: INFO: common: yaml file: params.yaml loaded successfully]
[2023-11-03 05:24:22,320: INFO: common: yaml file: schema.yaml loaded successfully]
[2023-11-03 05:24:22,321: INFO: common: created directory at: artifacts]
[2023-11-03 05:24:22,323: INFO: common: created directory at: artifacts/data_transformation]
[2023-11-03 05:26:40,806: INFO: common: yaml file: config\config.yaml loaded successfully]
[2023-11-03 05:26:40,809: INFO: common: yaml file: params.yaml loaded successfully]
[2023-11-03 05:26:40,813: INFO: common: yaml file: schema.yaml loaded successfully]
[2023-11-03 05:26:40,814: INFO: common: created directory at: artifacts]
[2023-11-03 05:26:40,816: INFO: common: created directory at: artifacts/data_transformation]
[2023-11-03 05:26:40,831: INFO: 1192208140: Splited data into training and test sets]
[2023-11-03 05:26:40,833: INFO: 1192208140: (576, 9)]
[2023-11-03 05:26:40,833: INFO: 1192208140: (192, 9)]
[2023-11-03 05:39:37,555: INFO: common: yaml file: config\config.yaml loaded successfully]
[2023-11-03 05:39:37,560: INFO: common: yaml file: params.yaml loaded successfully]
[2023-11-03 05:39:37,570: INFO: common: yaml file: schema.yaml loaded successfully]
[2023-11-03 05:39:37,573: INFO: common: created directory at: artifacts]
[2023-11-03 06:30:49,074: INFO: common: yaml file: config\config.yaml loaded successfully]
[2023-11-03 06:30:49,076: INFO: common: yaml file: params.yaml loaded successfully]
[2023-11-03 06:30:49,081: INFO: common: yaml file: schema.yaml loaded successfully]
[2023-11-03 06:30:49,083: INFO: common: created directory at: artifacts]
[2023-11-03 06:40:55,056: INFO: common: yaml file: config\config.yaml loaded successfully]
[2023-11-03 06:40:55,064: INFO: common: yaml file: params.yaml loaded successfully]
[2023-11-03 06:40:55,072: INFO: common: yaml file: schema.yaml loaded successfully]
[2023-11-03 06:40:55,074: INFO: common: created directory at: artifacts]
[2023-11-03 06:40:55,076: INFO: common: created directory at: artifacts/model_trainer]
[2023-11-03 06:50:36,176: INFO: common: yaml file: config\config.yaml loaded successfully]
[2023-11-03 06:50:36,176: INFO: common: yaml file: params.yaml loaded successfully]
[2023-11-03 06:50:36,186: INFO: common: yaml file: schema.yaml loaded successfully]
[2023-11-03 06:50:36,188: INFO: common: created directory at: artifacts]
[2023-11-03 06:50:36,190: INFO: common: created directory at: artifacts/model_evaluation]
[2023-11-03 06:50:37,252: WARNING: connectionpool: Retrying (Retry(total=4, connect=4, read=5, redirect=5, status=5)) after connection broken by 'NameResolutionError("<urllib3.connection.HTTPSConnection object at 0x00000291512D0D90>: Failed to resolve 'dagshub.com' ([Errno 11001] getaddrinfo failed)")': /Pascalihub/Diabetes_Analysis.mlflow/api/2.0/mlflow/runs/create]
[2023-11-03 06:50:41,261: WARNING: connectionpool: Retrying (Retry(total=3, connect=3, read=5, redirect=5, status=5)) after connection broken by 'NameResolutionError("<urllib3.connection.HTTPSConnection object at 0x00000291512D0DF0>: Failed to resolve 'dagshub.com' ([Errno 11001] getaddrinfo failed)")': /Pascalihub/Diabetes_Analysis.mlflow/api/2.0/mlflow/runs/create]
[2023-11-03 06:50:49,268: WARNING: connectionpool: Retrying (Retry(total=2, connect=2, read=5, redirect=5, status=5)) after connection broken by 'NameResolutionError("<urllib3.connection.HTTPSConnection object at 0x00000291512D0B80>: Failed to resolve 'dagshub.com' ([Errno 11001] getaddrinfo failed)")': /Pascalihub/Diabetes_Analysis.mlflow/api/2.0/mlflow/runs/create]
[2023-11-03 06:51:05,285: WARNING: connectionpool: Retrying (Retry(total=1, connect=1, read=5, redirect=5, status=5)) after connection broken by 'NameResolutionError("<urllib3.connection.HTTPSConnection object at 0x00000291512D0460>: Failed to resolve 'dagshub.com' ([Errno 11001] getaddrinfo failed)")': /Pascalihub/Diabetes_Analysis.mlflow/api/2.0/mlflow/runs/create]
[2023-11-03 06:51:37,287: WARNING: connectionpool: Retrying (Retry(total=0, connect=0, read=5, redirect=5, status=5)) after connection broken by 'NameResolutionError("<urllib3.connection.HTTPSConnection object at 0x00000291512D06A0>: Failed to resolve 'dagshub.com' ([Errno 11001] getaddrinfo failed)")': /Pascalihub/Diabetes_Analysis.mlflow/api/2.0/mlflow/runs/create]
[2023-11-03 06:52:45,069: INFO: common: yaml file: config\config.yaml loaded successfully]
[2023-11-03 06:52:45,073: INFO: common: yaml file: params.yaml loaded successfully]
[2023-11-03 06:52:45,076: INFO: common: yaml file: schema.yaml loaded successfully]
[2023-11-03 06:52:45,078: INFO: common: created directory at: artifacts]
[2023-11-03 06:52:45,080: INFO: common: created directory at: artifacts/model_evaluation]
[2023-11-03 06:52:51,094: INFO: common: json file saved at: artifacts\model_evaluation\metrics.json]
[2023-11-03 07:07:12,315: INFO: common: yaml file: config\config.yaml loaded successfully]
[2023-11-03 07:07:12,320: INFO: common: yaml file: params.yaml loaded successfully]
[2023-11-03 07:07:12,325: INFO: common: yaml file: schema.yaml loaded successfully]
[2023-11-03 07:07:12,328: INFO: common: created directory at: artifacts]
[2023-11-03 07:07:12,330: INFO: common: created directory at: artifacts/model_evaluation]
[2023-11-03 07:07:28,797: WARNING: connectionpool: Retrying (Retry(total=4, connect=5, read=4, redirect=5, status=5)) after connection broken by 'ConnectionResetError(10054, 'An existing connection was forcibly closed by the remote host', None, 10054, None)': /Pascalihub/Diabetes_Analysis.mlflow/api/2.0/mlflow/runs/create]
[2023-11-03 07:07:33,341: INFO: common: json file saved at: artifacts\model_evaluation\metrics.json]
[2023-11-03 18:28:31,944: INFO: main: >>>>>> stage Data Ingestion stage started <<<<<<]
[2023-11-03 18:28:31,959: INFO: common: yaml file: config\config.yaml loaded successfully]
[2023-11-03 18:28:31,975: INFO: common: yaml file: params.yaml loaded successfully]
[2023-11-03 18:28:31,978: INFO: common: yaml file: schema.yaml loaded successfully]
[2023-11-03 18:28:31,978: INFO: common: created directory at: artifacts]
[2023-11-03 18:28:31,979: INFO: common: created directory at: artifacts/data_ingestion]
[2023-11-03 18:28:31,979: INFO: data_ingestion: File already exists of size: ~ 9 KB]
[2023-11-03 18:28:32,028: INFO: main: >>>>>> stage Data Ingestion stage completed <<<<<<

x==========x]
[2023-11-03 18:28:32,029: INFO: main: >>>>>> stage Data Validation stage started <<<<<<]
[2023-11-03 18:28:32,034: INFO: common: yaml file: config\config.yaml loaded successfully]
[2023-11-03 18:28:32,035: INFO: common: yaml file: params.yaml loaded successfully]
[2023-11-03 18:28:32,035: INFO: common: yaml file: schema.yaml loaded successfully]
[2023-11-03 18:28:32,035: INFO: common: created directory at: artifacts]
[2023-11-03 18:28:32,035: INFO: common: created directory at: artifacts/data_validation]
[2023-11-03 18:28:32,055: INFO: main: >>>>>> stage Data Validation stage completed <<<<<<

x==========x]
[2023-11-03 18:28:32,056: INFO: main: >>>>>> stage Data Transformation stage started <<<<<<]
[2023-11-03 18:28:32,069: INFO: common: yaml file: config\config.yaml loaded successfully]
[2023-11-03 18:28:32,071: INFO: common: yaml file: params.yaml loaded successfully]
[2023-11-03 18:28:32,075: INFO: common: yaml file: schema.yaml loaded successfully]
[2023-11-03 18:28:32,076: INFO: common: created directory at: artifacts]
[2023-11-03 18:28:32,077: INFO: common: created directory at: artifacts/data_transformation]
[2023-11-03 18:28:32,088: INFO: data_transformation: Splited data into training and test sets]
[2023-11-03 18:28:32,088: INFO: data_transformation: (576, 9)]
[2023-11-03 18:28:32,089: INFO: data_transformation: (192, 9)]
[2023-11-03 18:28:32,090: INFO: main: >>>>>> stage Data Transformation stage completed <<<<<<

x==========x]
[2023-11-03 18:28:32,090: INFO: main: >>>>>> stage Model Trainer stage started <<<<<<]
[2023-11-03 18:28:32,093: INFO: common: yaml file: config\config.yaml loaded successfully]
[2023-11-03 18:28:32,093: INFO: common: yaml file: params.yaml loaded successfully]
[2023-11-03 18:28:32,093: INFO: common: yaml file: schema.yaml loaded successfully]
[2023-11-03 18:28:32,093: INFO: common: created directory at: artifacts]
[2023-11-03 18:28:32,093: INFO: common: created directory at: artifacts/model_trainer]
[2023-11-03 18:28:32,126: INFO: main: >>>>>> stage Model Trainer stage completed <<<<<<

x==========x]
[2023-11-03 18:28:32,127: INFO: main: >>>>>> stage Model evaluation stage started <<<<<<]
[2023-11-03 18:28:32,131: INFO: common: yaml file: config\config.yaml loaded successfully]
[2023-11-03 18:28:32,132: INFO: common: yaml file: params.yaml loaded successfully]
[2023-11-03 18:28:32,134: INFO: common: yaml file: schema.yaml loaded successfully]
[2023-11-03 18:28:32,135: INFO: common: created directory at: artifacts]
[2023-11-03 18:28:32,136: INFO: common: created directory at: artifacts/model_evaluation]
[2023-11-03 18:28:32,492: ERROR: main: name 'save_json' is not defined]
Traceback (most recent call last):
  File "C:\Users\PASCAL\Diabetes\main.py", line 63, in <module>
    data_ingestion.main()
  File "C:\Users\PASCAL\Diabetes\src\diabetes\pipeline\stage_05_model_evaluation.py", line 15, in main
    model_evaluation_config.log_into_mlflow()
  File "C:\Users\PASCAL\Diabetes\src\diabetes\components\model_evaluation.py", line 46, in log_into_mlflow
    save_json(path=Path(self.config.metric_file_name), data=scores)
NameError: name 'save_json' is not defined
[2023-11-03 18:41:49,295: INFO: main: >>>>>> stage Data Ingestion stage started <<<<<<]
[2023-11-03 18:41:49,305: INFO: common: yaml file: config\config.yaml loaded successfully]
[2023-11-03 18:41:49,313: INFO: common: yaml file: params.yaml loaded successfully]
[2023-11-03 18:41:49,321: INFO: common: yaml file: schema.yaml loaded successfully]
[2023-11-03 18:41:49,322: INFO: common: created directory at: artifacts]
[2023-11-03 18:41:49,323: INFO: common: created directory at: artifacts/data_ingestion]
[2023-11-03 18:41:49,324: INFO: data_ingestion: File already exists of size: ~ 9 KB]
[2023-11-03 18:41:49,328: INFO: main: >>>>>> stage Data Ingestion stage completed <<<<<<

x==========x]
[2023-11-03 18:41:49,328: INFO: main: >>>>>> stage Data Validation stage started <<<<<<]
[2023-11-03 18:41:49,333: INFO: common: yaml file: config\config.yaml loaded successfully]
[2023-11-03 18:41:49,343: INFO: common: yaml file: params.yaml loaded successfully]
[2023-11-03 18:41:49,343: INFO: common: yaml file: schema.yaml loaded successfully]
[2023-11-03 18:41:49,343: INFO: common: created directory at: artifacts]
[2023-11-03 18:41:49,343: INFO: common: created directory at: artifacts/data_validation]
[2023-11-03 18:41:49,360: INFO: main: >>>>>> stage Data Validation stage completed <<<<<<

x==========x]
[2023-11-03 18:41:49,376: INFO: main: >>>>>> stage Data Transformation stage started <<<<<<]
[2023-11-03 18:41:49,377: INFO: common: yaml file: config\config.yaml loaded successfully]
[2023-11-03 18:41:49,393: INFO: common: yaml file: params.yaml loaded successfully]
[2023-11-03 18:41:49,393: INFO: common: yaml file: schema.yaml loaded successfully]
[2023-11-03 18:41:49,393: INFO: common: created directory at: artifacts]
[2023-11-03 18:41:49,393: INFO: common: created directory at: artifacts/data_transformation]
[2023-11-03 18:41:49,410: INFO: data_transformation: Splited data into training and test sets]
[2023-11-03 18:41:49,410: INFO: data_transformation: (576, 9)]
[2023-11-03 18:41:49,410: INFO: data_transformation: (192, 9)]
[2023-11-03 18:41:49,410: INFO: main: >>>>>> stage Data Transformation stage completed <<<<<<

x==========x]
[2023-11-03 18:41:49,410: INFO: main: >>>>>> stage Model Trainer stage started <<<<<<]
[2023-11-03 18:41:49,427: INFO: common: yaml file: config\config.yaml loaded successfully]
[2023-11-03 18:41:49,430: INFO: common: yaml file: params.yaml loaded successfully]
[2023-11-03 18:41:49,435: INFO: common: yaml file: schema.yaml loaded successfully]
[2023-11-03 18:41:49,436: INFO: common: created directory at: artifacts]
[2023-11-03 18:41:49,436: INFO: common: created directory at: artifacts/model_trainer]
[2023-11-03 18:41:49,476: INFO: main: >>>>>> stage Model Trainer stage completed <<<<<<

x==========x]
[2023-11-03 18:41:49,476: INFO: main: >>>>>> stage Model evaluation stage started <<<<<<]
[2023-11-03 18:41:49,493: INFO: common: yaml file: config\config.yaml loaded successfully]
[2023-11-03 18:41:49,493: INFO: common: yaml file: params.yaml loaded successfully]
[2023-11-03 18:41:49,493: INFO: common: yaml file: schema.yaml loaded successfully]
[2023-11-03 18:41:49,493: INFO: common: created directory at: artifacts]
[2023-11-03 18:41:49,493: INFO: common: created directory at: artifacts/model_evaluation]
[2023-11-03 18:41:49,918: INFO: common: json file saved at: artifacts\model_evaluation\metrics.json]
[2023-11-03 18:41:54,929: INFO: main: >>>>>> stage Model evaluation stage completed <<<<<<

x==========x]
